<?xml version="1.0" encoding="UTF-8"?>
<!-- Generated by org.testng.reporters.JUnitXMLReporter -->
<testsuite hostname="gaggarwal-ltm" name="Test" tests="3" failures="1" timestamp="6 Feb 2020 10:35:38 GMT" time="112.993" errors="0">
  <testcase name="signInTest" time="14.002" classname="com.hellofresh.challenge.WebTest"/>
  <testcase name="logInTest" time="6.071" classname="com.hellofresh.challenge.WebTest"/>
  <testcase name="checkoutTest" time="15.491" classname="com.hellofresh.challenge.WebTest">
    <failure type="org.openqa.selenium.ElementClickInterceptedException" message="Element &amp;lt;button class=&amp;quot;exclusive&amp;quot; name=&amp;quot;Submit&amp;quot; type=&amp;quot;submit&amp;quot;&amp;gt; is not clickable at point (1077,400) because another element &amp;lt;div class=&amp;quot;fancybox-overlay fancybox-overlay-fixed&amp;quot;&amp;gt; obscures it
Build info: version: &amp;apos;3.11.0&amp;apos;, revision: &amp;apos;e59cfb3&amp;apos;, time: &amp;apos;2018-03-11T20:26:55.152Z&amp;apos;
System info: host: &amp;apos;gaggarwal-ltm&amp;apos;, ip: &amp;apos;fe80:0:0:0:83d:f8c5:b8c1:4747%en0&amp;apos;, os.name: &amp;apos;Mac OS X&amp;apos;, os.arch: &amp;apos;x86_64&amp;apos;, os.version: &amp;apos;10.13.6&amp;apos;, java.version: &amp;apos;1.8.0_181&amp;apos;
Driver info: org.openqa.selenium.firefox.FirefoxDriver
Capabilities {acceptInsecureCerts: true, browserName: firefox, browserVersion: 68.0.2, javascriptEnabled: true, moz:accessibilityChecks: false, moz:buildID: 20190813150448, moz:geckodriverVersion: 0.26.0, moz:headless: false, moz:processID: 71727, moz:profile: /var/folders/6x/zx_jbd_j1kl..., moz:shutdownTimeout: 60000, moz:useNonSpecCompliantPointerOrigin: false, moz:webdriverClick: true, pageLoadStrategy: normal, platform: MAC, platformName: MAC, platformVersion: 17.7.0, rotatable: false, setWindowRect: true, strictFileInteractability: false, timeouts: {implicit: 0, pageLoad: 300000, script: 30000}, unhandledPromptBehavior: dismiss and notify}
Session ID: 53ad5b37-07b9-ee4c-84df-fe1b7351c43d">
      <![CDATA[org.openqa.selenium.ElementClickInterceptedException: Element <button class="exclusive" name="Submit" type="submit"> is not clickable at point (1077,400) because another element <div class="fancybox-overlay fancybox-overlay-fixed"> obscures it
Build info: version: '3.11.0', revision: 'e59cfb3', time: '2018-03-11T20:26:55.152Z'
System info: host: 'gaggarwal-ltm', ip: 'fe80:0:0:0:83d:f8c5:b8c1:4747%en0', os.name: 'Mac OS X', os.arch: 'x86_64', os.version: '10.13.6', java.version: '1.8.0_181'
Driver info: org.openqa.selenium.firefox.FirefoxDriver
Capabilities {acceptInsecureCerts: true, browserName: firefox, browserVersion: 68.0.2, javascriptEnabled: true, moz:accessibilityChecks: false, moz:buildID: 20190813150448, moz:geckodriverVersion: 0.26.0, moz:headless: false, moz:processID: 71727, moz:profile: /var/folders/6x/zx_jbd_j1kl..., moz:shutdownTimeout: 60000, moz:useNonSpecCompliantPointerOrigin: false, moz:webdriverClick: true, pageLoadStrategy: normal, platform: MAC, platformName: MAC, platformVersion: 17.7.0, rotatable: false, setWindowRect: true, strictFileInteractability: false, timeouts: {implicit: 0, pageLoad: 300000, script: 30000}, unhandledPromptBehavior: dismiss and notify}
Session ID: 53ad5b37-07b9-ee4c-84df-fe1b7351c43d
	at org.openqa.selenium.remote.http.W3CHttpResponseCodec.createException(W3CHttpResponseCodec.java:187)
	at org.openqa.selenium.remote.http.W3CHttpResponseCodec.decode(W3CHttpResponseCodec.java:122)
	at org.openqa.selenium.remote.http.W3CHttpResponseCodec.decode(W3CHttpResponseCodec.java:49)
	at org.openqa.selenium.remote.HttpCommandExecutor.execute(HttpCommandExecutor.java:158)
	at org.openqa.selenium.remote.service.DriverCommandExecutor.execute(DriverCommandExecutor.java:83)
	at org.openqa.selenium.remote.RemoteWebDriver.execute(RemoteWebDriver.java:545)
	at org.openqa.selenium.remote.RemoteWebElement.execute(RemoteWebElement.java:279)
	at org.openqa.selenium.remote.RemoteWebElement.click(RemoteWebElement.java:83)
	at com.hellofresh.challenge.WebTest.checkoutTest(WebTest.java:144)
... Removed 28 stack frames]]>
    </failure>
  </testcase> <!-- checkoutTest -->
</testsuite> <!-- Test -->
